c:\dersler\bsc\neural_net\codıng_2021\baslangıc_bsc\2023\collect_data\collect\x64\debug\collect.pch
c:\dersler\bsc\neural_net\codıng_2021\baslangıc_bsc\2023\collect_data\collect\x64\debug\vc142.pdb
c:\dersler\bsc\neural_net\codıng_2021\baslangıc_bsc\2023\collect_data\collect\x64\debug\pch.obj
c:\dersler\bsc\neural_net\codıng_2021\baslangıc_bsc\2023\collect_data\collect\x64\debug\process.obj
c:\dersler\bsc\neural_net\codıng_2021\baslangıc_bsc\2023\collect_data\collect\x64\debug\form1.obj
c:\dersler\bsc\neural_net\codıng_2021\baslangıc_bsc\2023\collect_data\collect\x64\debug\cppclr_wınformsprojekt.obj
c:\dersler\bsc\neural_net\codıng_2021\baslangıc_bsc\2023\collect_data\collect\x64\debug\assemblyınfo.obj
c:\dersler\bsc\neural_net\codıng_2021\baslangıc_bsc\2023\collect_data\collect\x64\debug\.netframework,versıon=v4.7.2.assemblyattrıbutes.obj
c:\dersler\bsc\neural_net\coding_2021\baslangic_bsc\2023\collect_data\collect\x64\debug\collect.form1.resources
c:\dersler\bsc\neural_net\codıng_2021\baslangıc_bsc\2023\collect_data\x64\debug\collect.exe
c:\dersler\bsc\neural_net\codıng_2021\baslangıc_bsc\2023\collect_data\x64\debug\collect.pdb
c:\dersler\bsc\neural_net\codıng_2021\baslangıc_bsc\2023\collect_data\collect\x64\debug\collect.tlog\metagen.wrıte.1.tlog
c:\dersler\bsc\neural_net\codıng_2021\baslangıc_bsc\2023\collect_data\collect\x64\debug\app.res
c:\dersler\bsc\neural_net\coding_2021\baslangic_bsc\2023\collect_data\collect\x64\debug\.netframework,version=v4.7.2.assemblyattributes.obj
c:\dersler\bsc\neural_net\coding_2021\baslangic_bsc\2023\collect_data\collect\x64\debug\assemblyınfo.obj
c:\dersler\bsc\neural_net\coding_2021\baslangic_bsc\2023\collect_data\collect\x64\debug\cppclr_winformsprojekt.obj
c:\dersler\bsc\neural_net\coding_2021\baslangic_bsc\2023\collect_data\collect\x64\debug\form1.obj
c:\dersler\bsc\neural_net\coding_2021\baslangic_bsc\2023\collect_data\collect\x64\debug\pch.obj
c:\dersler\bsc\neural_net\coding_2021\baslangic_bsc\2023\collect_data\collect\x64\debug\process.obj
c:\dersler\bsc\neural_net\coding_2021\baslangic_bsc\2023\collect_data\collect\x64\debug\app.res
c:\dersler\bsc\neural_net\coding_2021\baslangic_bsc\2023\collect_data\collect\x64\debug\collect.pch
c:\dersler\bsc\neural_net\coding_2021\baslangic_bsc\2023\collect_data\collect\x64\debug\vc142.pdb
c:\dersler\bsc\neural_net\coding_2021\baslangic_bsc\2023\collect_data\x64\debug\collect.pdb
c:\dersler\bsc\neural_net\coding_2021\baslangic_bsc\2023\collect_data\x64\debug\collect.exe
c:\dersler\bsc\neural_net\coding_2021\baslangic_bsc\2023\collect_data\collect\x64\debug\collect.tlog\cl.command.1.tlog
c:\dersler\bsc\neural_net\coding_2021\baslangic_bsc\2023\collect_data\collect\x64\debug\collect.tlog\cl.read.1.tlog
c:\dersler\bsc\neural_net\coding_2021\baslangic_bsc\2023\collect_data\collect\x64\debug\collect.tlog\cl.write.1.tlog
c:\dersler\bsc\neural_net\coding_2021\baslangic_bsc\2023\collect_data\collect\x64\debug\collect.tlog\collect.write.1u.tlog
c:\dersler\bsc\neural_net\coding_2021\baslangic_bsc\2023\collect_data\collect\x64\debug\collect.tlog\link.command.1.tlog
c:\dersler\bsc\neural_net\coding_2021\baslangic_bsc\2023\collect_data\collect\x64\debug\collect.tlog\link.read.1.tlog
c:\dersler\bsc\neural_net\coding_2021\baslangic_bsc\2023\collect_data\collect\x64\debug\collect.tlog\link.write.1.tlog
c:\dersler\bsc\neural_net\coding_2021\baslangic_bsc\2023\collect_data\collect\x64\debug\collect.tlog\metagen.read.1.tlog
c:\dersler\bsc\neural_net\coding_2021\baslangic_bsc\2023\collect_data\collect\x64\debug\collect.tlog\metagen.write.1.tlog
c:\dersler\bsc\neural_net\coding_2021\baslangic_bsc\2023\collect_data\collect\x64\debug\collect.tlog\rc.command.1.tlog
c:\dersler\bsc\neural_net\coding_2021\baslangic_bsc\2023\collect_data\collect\x64\debug\collect.tlog\rc.read.1.tlog
c:\dersler\bsc\neural_net\coding_2021\baslangic_bsc\2023\collect_data\collect\x64\debug\collect.tlog\rc.write.1.tlog
c:\dersler\bsc\neural_net\coding_2021\baslangic_bsc\2023\collect_data\collect\x64\debug\collect.tlog\system.data.dll.metagen
c:\dersler\bsc\neural_net\coding_2021\baslangic_bsc\2023\collect_data\collect\x64\debug\collect.tlog\system.dll.metagen
c:\dersler\bsc\neural_net\coding_2021\baslangic_bsc\2023\collect_data\collect\x64\debug\collect.tlog\system.drawıng.dll.metagen
c:\dersler\bsc\neural_net\coding_2021\baslangic_bsc\2023\collect_data\collect\x64\debug\collect.tlog\system.wındows.forms.dll.metagen
c:\dersler\bsc\neural_net\coding_2021\baslangic_bsc\2023\collect_data\collect\x64\debug\collect.tlog\system.xml.dll.metagen
c:\dersler\bsc\neural_net\coding_2021\baslangic_bsc\2023\collect_data\collect\x64\debug\collect.tlog\cluı.dll.bi
